
> wanderer@0.18.5 preview
> vite preview --port 4173

  ➜  Local:   http://localhost:4173/
  ➜  Network: use --host to expose

<--- Last few GCs --->

[128621:0x7333000]    95619 ms: Scavenge (interleaved) 4041.2 (4122.3) -> 4039.9 (4142.3) MB, pooled: 0 MB, 46.47 / 0.00 ms  (average mu = 0.496, current mu = 0.233) allocation failure;
[128621:0x7333000]   101233 ms: Mark-Compact 4054.0 (4143.0) -> 4048.5 (4153.5) MB, pooled: 0 MB, 5431.42 / 0.00 ms  (average mu = 0.286, current mu = 0.109) allocation failure; scavenge might not succeed


<--- JS stacktrace --->

FATAL ERROR: Reached heap limit Allocation failed - JavaScript heap out of memory
----- Native stack trace -----

 1: 0xe42d60 node::OOMErrorHandler(char const*, v8::OOMDetails const&) [node]
 2: 0x121ddd0 v8::Utils::ReportOOMFailure(v8::internal::Isolate*, char const*, v8::OOMDetails const&) [node]
 3: 0x121e0a7 v8::internal::V8::FatalProcessOutOfMemory(v8::internal::Isolate*, char const*, v8::OOMDetails const&) [node]
 4: 0x144ba05  [node]
 5: 0x1465299 v8::internal::Heap::CollectGarbage(v8::internal::AllocationSpace, v8::internal::GarbageCollectionReason, v8::GCCallbackFlags) [node]
 6: 0x1439948 v8::internal::HeapAllocator::AllocateRawWithLightRetrySlowPath(int, v8::internal::AllocationType, v8::internal::AllocationOrigin, v8::internal::AllocationAlignment) [node]
 7: 0x143a875 v8::internal::HeapAllocator::AllocateRawWithRetryOrFailSlowPath(int, v8::internal::AllocationType, v8::internal::AllocationOrigin, v8::internal::AllocationAlignment) [node]
 8: 0x141354e v8::internal::Factory::NewFillerObject(int, v8::internal::AllocationAlignment, v8::internal::AllocationType, v8::internal::AllocationOrigin) [node]
 9: 0x18740bc v8::internal::Runtime_AllocateInYoungGeneration(int, unsigned long*, v8::internal::Isolate*) [node]
10: 0x7f6c39eac476
Aborted
